[24-Jul-2024 13:34:23 UTC] PHP Deprecated:  Implicit conversion from float 216.75 to int loses precision in /usr/share/nginx/cosmicdevelopment.com/wp-content/plugins/wp-gdpr-compliance/Utils/Helper.php on line 228
[24-Jul-2024 13:34:23 UTC] PHP Deprecated:  Implicit conversion from float 216.75 to int loses precision in /usr/share/nginx/cosmicdevelopment.com/wp-content/plugins/wp-gdpr-compliance/Utils/Helper.php on line 228
[24-Jul-2024 13:34:23 UTC] PHP Deprecated:  Implicit conversion from float 216.75 to int loses precision in /usr/share/nginx/cosmicdevelopment.com/wp-content/plugins/wp-gdpr-compliance/Utils/Helper.php on line 228
[24-Jul-2024 13:34:23 UTC] PHP Warning:  Undefined array key "options" in /usr/share/nginx/cosmicdevelopment.com/wp-content/plugins/trx_addons/components/api/elementor/elementor.php on line 1217
[24-Jul-2024 13:34:23 UTC] PHP Deprecated:  trim(): Passing null to parameter #1 ($string) of type string is deprecated in /usr/share/nginx/cosmicdevelopment.com/wp-content/plugins/elementor-pro/modules/custom-css/module.php on line 96
[24-Jul-2024 13:34:23 UTC] PHP Deprecated:  trim(): Passing null to parameter #1 ($string) of type string is deprecated in /usr/share/nginx/cosmicdevelopment.com/wp-content/plugins/elementor-pro/modules/custom-css/module.php on line 96
[24-Jul-2024 13:34:26 UTC] PHP Deprecated:  Implicit conversion from float 216.75 to int loses precision in /usr/share/nginx/cosmicdevelopment.com/wp-content/plugins/wp-gdpr-compliance/Utils/Helper.php on line 228
[24-Jul-2024 13:34:26 UTC] PHP Deprecated:  Implicit conversion from float 216.75 to int loses precision in /usr/share/nginx/cosmicdevelopment.com/wp-content/plugins/wp-gdpr-compliance/Utils/Helper.php on line 228
[24-Jul-2024 13:34:26 UTC] PHP Deprecated:  Implicit conversion from float 216.75 to int loses precision in /usr/share/nginx/cosmicdevelopment.com/wp-content/plugins/wp-gdpr-compliance/Utils/Helper.php on line 228
[24-Jul-2024 13:34:26 UTC] PHP Warning:  Undefined array key "options" in /usr/share/nginx/cosmicdevelopment.com/wp-content/plugins/trx_addons/components/api/elementor/elementor.php on line 1217
[24-Jul-2024 13:34:26 UTC] PHP Deprecated:  trim(): Passing null to parameter #1 ($string) of type string is deprecated in /usr/share/nginx/cosmicdevelopment.com/wp-content/plugins/elementor-pro/modules/custom-css/module.php on line 96
[24-Jul-2024 13:34:26 UTC] PHP Deprecated:  trim(): Passing null to parameter #1 ($string) of type string is deprecated in /usr/share/nginx/cosmicdevelopment.com/wp-content/plugins/elementor-pro/modules/custom-css/module.php on line 96
[24-Jul-2024 13:34:27 UTC] PHP Deprecated:  Implicit conversion from float 216.75 to int loses precision in /usr/share/nginx/cosmicdevelopment.com/wp-content/plugins/wp-gdpr-compliance/Utils/Helper.php on line 228
[24-Jul-2024 13:34:27 UTC] PHP Deprecated:  Implicit conversion from float 216.75 to int loses precision in /usr/share/nginx/cosmicdevelopment.com/wp-content/plugins/wp-gdpr-compliance/Utils/Helper.php on line 228
[24-Jul-2024 13:34:27 UTC] PHP Deprecated:  Implicit conversion from float 216.75 to int loses precision in /usr/share/nginx/cosmicdevelopment.com/wp-content/plugins/wp-gdpr-compliance/Utils/Helper.php on line 228
[24-Jul-2024 13:34:27 UTC] PHP Warning:  Undefined array key "options" in /usr/share/nginx/cosmicdevelopment.com/wp-content/plugins/trx_addons/components/api/elementor/elementor.php on line 1217
[24-Jul-2024 13:34:27 UTC] PHP Deprecated:  trim(): Passing null to parameter #1 ($string) of type string is deprecated in /usr/share/nginx/cosmicdevelopment.com/wp-content/plugins/elementor-pro/modules/custom-css/module.php on line 96
[24-Jul-2024 13:34:27 UTC] PHP Deprecated:  trim(): Passing null to parameter #1 ($string) of type string is deprecated in /usr/share/nginx/cosmicdevelopment.com/wp-content/plugins/elementor-pro/modules/custom-css/module.php on line 96
[24-Jul-2024 13:34:29 UTC] PHP Deprecated:  Implicit conversion from float 216.75 to int loses precision in /usr/share/nginx/cosmicdevelopment.com/wp-content/plugins/wp-gdpr-compliance/Utils/Helper.php on line 228
[24-Jul-2024 13:34:29 UTC] PHP Deprecated:  Implicit conversion from float 216.75 to int loses precision in /usr/share/nginx/cosmicdevelopment.com/wp-content/plugins/wp-gdpr-compliance/Utils/Helper.php on line 228
[24-Jul-2024 13:34:29 UTC] PHP Deprecated:  Implicit conversion from float 216.75 to int loses precision in /usr/share/nginx/cosmicdevelopment.com/wp-content/plugins/wp-gdpr-compliance/Utils/Helper.php on line 228
[24-Jul-2024 13:34:29 UTC] PHP Warning:  Trying to access array offset on value of type bool in /usr/share/nginx/cosmicdevelopment.com/wp-content/themes/vixus/theme-specific/theme-tags.php on line 741
[24-Jul-2024 13:34:29 UTC] PHP Warning:  Undefined array key "options" in /usr/share/nginx/cosmicdevelopment.com/wp-content/plugins/trx_addons/components/api/elementor/elementor.php on line 1217
[24-Jul-2024 13:34:30 UTC] PHP Deprecated:  trim(): Passing null to parameter #1 ($string) of type string is deprecated in /usr/share/nginx/cosmicdevelopment.com/wp-content/plugins/elementor-pro/modules/custom-css/module.php on line 96
[24-Jul-2024 13:34:30 UTC] PHP Deprecated:  trim(): Passing null to parameter #1 ($string) of type string is deprecated in /usr/share/nginx/cosmicdevelopment.com/wp-content/plugins/elementor-pro/modules/custom-css/module.php on line 96
[24-Jul-2024 13:34:31 UTC] PHP Deprecated:  Implicit conversion from float 216.75 to int loses precision in /usr/share/nginx/cosmicdevelopment.com/wp-content/plugins/wp-gdpr-compliance/Utils/Helper.php on line 228
[24-Jul-2024 13:34:31 UTC] PHP Deprecated:  Implicit conversion from float 216.75 to int loses precision in /usr/share/nginx/cosmicdevelopment.com/wp-content/plugins/wp-gdpr-compliance/Utils/Helper.php on line 228
[24-Jul-2024 13:34:31 UTC] PHP Deprecated:  Implicit conversion from float 216.75 to int loses precision in /usr/share/nginx/cosmicdevelopment.com/wp-content/plugins/wp-gdpr-compliance/Utils/Helper.php on line 228
[24-Jul-2024 13:34:31 UTC] PHP Warning:  Undefined array key "options" in /usr/share/nginx/cosmicdevelopment.com/wp-content/plugins/trx_addons/components/api/elementor/elementor.php on line 1217
[24-Jul-2024 13:34:31 UTC] PHP Deprecated:  str_contains(): Passing null to parameter #1 ($haystack) of type string is deprecated in /usr/share/nginx/cosmicdevelopment.com/wp-includes/shortcodes.php on line 246
[24-Jul-2024 13:34:31 UTC] PHP Deprecated:  str_contains(): Passing null to parameter #1 ($haystack) of type string is deprecated in /usr/share/nginx/cosmicdevelopment.com/wp-includes/shortcodes.php on line 246
[24-Jul-2024 13:34:31 UTC] PHP Deprecated:  str_contains(): Passing null to parameter #1 ($haystack) of type string is deprecated in /usr/share/nginx/cosmicdevelopment.com/wp-includes/shortcodes.php on line 246
[24-Jul-2024 13:34:31 UTC] PHP Deprecated:  str_contains(): Passing null to parameter #1 ($haystack) of type string is deprecated in /usr/share/nginx/cosmicdevelopment.com/wp-includes/shortcodes.php on line 246
[24-Jul-2024 13:34:51 UTC] PHP Deprecated:  Implicit conversion from float 216.75 to int loses precision in /usr/share/nginx/cosmicdevelopment.com/wp-content/plugins/wp-gdpr-compliance/Utils/Helper.php on line 228
[24-Jul-2024 13:34:51 UTC] PHP Deprecated:  Implicit conversion from float 216.75 to int loses precision in /usr/share/nginx/cosmicdevelopment.com/wp-content/plugins/wp-gdpr-compliance/Utils/Helper.php on line 228
[24-Jul-2024 13:34:51 UTC] PHP Deprecated:  Implicit conversion from float 216.75 to int loses precision in /usr/share/nginx/cosmicdevelopment.com/wp-content/plugins/wp-gdpr-compliance/Utils/Helper.php on line 228
[24-Jul-2024 13:34:51 UTC] PHP Warning:  Trying to access array offset on value of type bool in /usr/share/nginx/cosmicdevelopment.com/wp-content/themes/vixus/theme-specific/theme-tags.php on line 741
[24-Jul-2024 13:34:51 UTC] PHP Warning:  Undefined array key "options" in /usr/share/nginx/cosmicdevelopment.com/wp-content/plugins/trx_addons/components/api/elementor/elementor.php on line 1217
[24-Jul-2024 13:34:51 UTC] PHP Deprecated:  trim(): Passing null to parameter #1 ($string) of type string is deprecated in /usr/share/nginx/cosmicdevelopment.com/wp-content/plugins/elementor-pro/modules/custom-css/module.php on line 96
[24-Jul-2024 13:34:51 UTC] PHP Deprecated:  trim(): Passing null to parameter #1 ($string) of type string is deprecated in /usr/share/nginx/cosmicdevelopment.com/wp-content/plugins/elementor-pro/modules/custom-css/module.php on line 96
[24-Jul-2024 13:34:59 UTC] PHP Deprecated:  Implicit conversion from float 216.75 to int loses precision in /usr/share/nginx/cosmicdevelopment.com/wp-content/plugins/wp-gdpr-compliance/Utils/Helper.php on line 228
[24-Jul-2024 13:34:59 UTC] PHP Deprecated:  Implicit conversion from float 216.75 to int loses precision in /usr/share/nginx/cosmicdevelopment.com/wp-content/plugins/wp-gdpr-compliance/Utils/Helper.php on line 228
[24-Jul-2024 13:34:59 UTC] PHP Deprecated:  Implicit conversion from float 216.75 to int loses precision in /usr/share/nginx/cosmicdevelopment.com/wp-content/plugins/wp-gdpr-compliance/Utils/Helper.php on line 228
[24-Jul-2024 13:34:59 UTC] PHP Warning:  Undefined array key "options" in /usr/share/nginx/cosmicdevelopment.com/wp-content/plugins/trx_addons/components/api/elementor/elementor.php on line 1217
[24-Jul-2024 13:34:59 UTC] PHP Deprecated:  str_contains(): Passing null to parameter #1 ($haystack) of type string is deprecated in /usr/share/nginx/cosmicdevelopment.com/wp-includes/shortcodes.php on line 246
[24-Jul-2024 13:34:59 UTC] PHP Deprecated:  str_contains(): Passing null to parameter #1 ($haystack) of type string is deprecated in /usr/share/nginx/cosmicdevelopment.com/wp-includes/shortcodes.php on line 246
[24-Jul-2024 13:34:59 UTC] PHP Deprecated:  str_contains(): Passing null to parameter #1 ($haystack) of type string is deprecated in /usr/share/nginx/cosmicdevelopment.com/wp-includes/shortcodes.php on line 246
[24-Jul-2024 13:34:59 UTC] PHP Deprecated:  str_contains(): Passing null to parameter #1 ($haystack) of type string is deprecated in /usr/share/nginx/cosmicdevelopment.com/wp-includes/shortcodes.php on line 246
[24-Jul-2024 13:35:00 UTC] PHP Deprecated:  Implicit conversion from float 216.75 to int loses precision in /usr/share/nginx/cosmicdevelopment.com/wp-content/plugins/wp-gdpr-compliance/Utils/Helper.php on line 228
[24-Jul-2024 13:35:00 UTC] PHP Deprecated:  Implicit conversion from float 216.75 to int loses precision in /usr/share/nginx/cosmicdevelopment.com/wp-content/plugins/wp-gdpr-compliance/Utils/Helper.php on line 228
[24-Jul-2024 13:35:00 UTC] PHP Deprecated:  Implicit conversion from float 216.75 to int loses precision in /usr/share/nginx/cosmicdevelopment.com/wp-content/plugins/wp-gdpr-compliance/Utils/Helper.php on line 228
[24-Jul-2024 13:35:00 UTC] PHP Warning:  Undefined array key "options" in /usr/share/nginx/cosmicdevelopment.com/wp-content/plugins/trx_addons/components/api/elementor/elementor.php on line 1217
[24-Jul-2024 13:35:00 UTC] PHP Deprecated:  trim(): Passing null to parameter #1 ($string) of type string is deprecated in /usr/share/nginx/cosmicdevelopment.com/wp-content/plugins/elementor-pro/modules/custom-css/module.php on line 96
[24-Jul-2024 13:35:00 UTC] PHP Deprecated:  trim(): Passing null to parameter #1 ($string) of type string is deprecated in /usr/share/nginx/cosmicdevelopment.com/wp-content/plugins/elementor-pro/modules/custom-css/module.php on line 96
[24-Jul-2024 13:35:03 UTC] PHP Deprecated:  Implicit conversion from float 216.75 to int loses precision in /usr/share/nginx/cosmicdevelopment.com/wp-content/plugins/wp-gdpr-compliance/Utils/Helper.php on line 228
[24-Jul-2024 13:35:03 UTC] PHP Deprecated:  Implicit conversion from float 216.75 to int loses precision in /usr/share/nginx/cosmicdevelopment.com/wp-content/plugins/wp-gdpr-compliance/Utils/Helper.php on line 228
[24-Jul-2024 13:35:03 UTC] PHP Deprecated:  Implicit conversion from float 216.75 to int loses precision in /usr/share/nginx/cosmicdevelopment.com/wp-content/plugins/wp-gdpr-compliance/Utils/Helper.php on line 228
[24-Jul-2024 13:35:03 UTC] PHP Warning:  Undefined array key "options" in /usr/share/nginx/cosmicdevelopment.com/wp-content/plugins/trx_addons/components/api/elementor/elementor.php on line 1217
[24-Jul-2024 13:35:03 UTC] PHP Deprecated:  str_contains(): Passing null to parameter #1 ($haystack) of type string is deprecated in /usr/share/nginx/cosmicdevelopment.com/wp-includes/shortcodes.php on line 246
[24-Jul-2024 13:35:03 UTC] PHP Deprecated:  str_contains(): Passing null to parameter #1 ($haystack) of type string is deprecated in /usr/share/nginx/cosmicdevelopment.com/wp-includes/shortcodes.php on line 246
[24-Jul-2024 13:35:03 UTC] PHP Deprecated:  str_contains(): Passing null to parameter #1 ($haystack) of type string is deprecated in /usr/share/nginx/cosmicdevelopment.com/wp-includes/shortcodes.php on line 246
[24-Jul-2024 13:35:03 UTC] PHP Deprecated:  str_contains(): Passing null to parameter #1 ($haystack) of type string is deprecated in /usr/share/nginx/cosmicdevelopment.com/wp-includes/shortcodes.php on line 246
[24-Jul-2024 13:35:07 UTC] PHP Deprecated:  Implicit conversion from float 216.75 to int loses precision in /usr/share/nginx/cosmicdevelopment.com/wp-content/plugins/wp-gdpr-compliance/Utils/Helper.php on line 228
[24-Jul-2024 13:35:07 UTC] PHP Deprecated:  Implicit conversion from float 216.75 to int loses precision in /usr/share/nginx/cosmicdevelopment.com/wp-content/plugins/wp-gdpr-compliance/Utils/Helper.php on line 228
[24-Jul-2024 13:35:07 UTC] PHP Deprecated:  Implicit conversion from float 216.75 to int loses precision in /usr/share/nginx/cosmicdevelopment.com/wp-content/plugins/wp-gdpr-compliance/Utils/Helper.php on line 228
[24-Jul-2024 13:35:07 UTC] PHP Warning:  Undefined array key "options" in /usr/share/nginx/cosmicdevelopment.com/wp-content/plugins/trx_addons/components/api/elementor/elementor.php on line 1217
[24-Jul-2024 13:35:07 UTC] PHP Deprecated:  str_contains(): Passing null to parameter #1 ($haystack) of type string is deprecated in /usr/share/nginx/cosmicdevelopment.com/wp-includes/shortcodes.php on line 246
[24-Jul-2024 13:35:07 UTC] PHP Deprecated:  str_contains(): Passing null to parameter #1 ($haystack) of type string is deprecated in /usr/share/nginx/cosmicdevelopment.com/wp-includes/shortcodes.php on line 246
[24-Jul-2024 13:35:07 UTC] PHP Deprecated:  str_contains(): Passing null to parameter #1 ($haystack) of type string is deprecated in /usr/share/nginx/cosmicdevelopment.com/wp-includes/shortcodes.php on line 246
[24-Jul-2024 13:35:07 UTC] PHP Deprecated:  str_contains(): Passing null to parameter #1 ($haystack) of type string is deprecated in /usr/share/nginx/cosmicdevelopment.com/wp-includes/shortcodes.php on line 246
[24-Jul-2024 13:35:09 UTC] PHP Deprecated:  Implicit conversion from float 216.75 to int loses precision in /usr/share/nginx/cosmicdevelopment.com/wp-content/plugins/wp-gdpr-compliance/Utils/Helper.php on line 228
[24-Jul-2024 13:35:09 UTC] PHP Deprecated:  Implicit conversion from float 216.75 to int loses precision in /usr/share/nginx/cosmicdevelopment.com/wp-content/plugins/wp-gdpr-compliance/Utils/Helper.php on line 228
[24-Jul-2024 13:35:09 UTC] PHP Deprecated:  Implicit conversion from float 216.75 to int loses precision in /usr/share/nginx/cosmicdevelopment.com/wp-content/plugins/wp-gdpr-compliance/Utils/Helper.php on line 228
[24-Jul-2024 13:35:09 UTC] PHP Warning:  Undefined array key "options" in /usr/share/nginx/cosmicdevelopment.com/wp-content/plugins/trx_addons/components/api/elementor/elementor.php on line 1217
[24-Jul-2024 13:35:10 UTC] PHP Deprecated:  str_contains(): Passing null to parameter #1 ($haystack) of type string is deprecated in /usr/share/nginx/cosmicdevelopment.com/wp-includes/shortcodes.php on line 246
[24-Jul-2024 13:35:10 UTC] PHP Deprecated:  str_contains(): Passing null to parameter #1 ($haystack) of type string is deprecated in /usr/share/nginx/cosmicdevelopment.com/wp-includes/shortcodes.php on line 246
[24-Jul-2024 13:35:10 UTC] PHP Deprecated:  str_contains(): Passing null to parameter #1 ($haystack) of type string is deprecated in /usr/share/nginx/cosmicdevelopment.com/wp-includes/shortcodes.php on line 246
[24-Jul-2024 13:35:10 UTC] PHP Deprecated:  str_contains(): Passing null to parameter #1 ($haystack) of type string is deprecated in /usr/share/nginx/cosmicdevelopment.com/wp-includes/shortcodes.php on line 246
[24-Jul-2024 13:35:12 UTC] PHP Deprecated:  Implicit conversion from float 216.75 to int loses precision in /usr/share/nginx/cosmicdevelopment.com/wp-content/plugins/wp-gdpr-compliance/Utils/Helper.php on line 228
[24-Jul-2024 13:35:12 UTC] PHP Deprecated:  Implicit conversion from float 216.75 to int loses precision in /usr/share/nginx/cosmicdevelopment.com/wp-content/plugins/wp-gdpr-compliance/Utils/Helper.php on line 228
[24-Jul-2024 13:35:12 UTC] PHP Deprecated:  Implicit conversion from float 216.75 to int loses precision in /usr/share/nginx/cosmicdevelopment.com/wp-content/plugins/wp-gdpr-compliance/Utils/Helper.php on line 228
[24-Jul-2024 13:35:12 UTC] PHP Warning:  Undefined array key "options" in /usr/share/nginx/cosmicdevelopment.com/wp-content/plugins/trx_addons/components/api/elementor/elementor.php on line 1217
[24-Jul-2024 13:35:12 UTC] PHP Deprecated:  trim(): Passing null to parameter #1 ($string) of type string is deprecated in /usr/share/nginx/cosmicdevelopment.com/wp-content/plugins/elementor-pro/modules/custom-css/module.php on line 96
[24-Jul-2024 13:35:12 UTC] PHP Deprecated:  trim(): Passing null to parameter #1 ($string) of type string is deprecated in /usr/share/nginx/cosmicdevelopment.com/wp-content/plugins/elementor-pro/modules/custom-css/module.php on line 96
[24-Jul-2024 13:35:26 UTC] PHP Deprecated:  Implicit conversion from float 216.75 to int loses precision in /usr/share/nginx/cosmicdevelopment.com/wp-content/plugins/wp-gdpr-compliance/Utils/Helper.php on line 228
[24-Jul-2024 13:35:26 UTC] PHP Deprecated:  Implicit conversion from float 216.75 to int loses precision in /usr/share/nginx/cosmicdevelopment.com/wp-content/plugins/wp-gdpr-compliance/Utils/Helper.php on line 228
[24-Jul-2024 13:35:26 UTC] PHP Deprecated:  Implicit conversion from float 216.75 to int loses precision in /usr/share/nginx/cosmicdevelopment.com/wp-content/plugins/wp-gdpr-compliance/Utils/Helper.php on line 228
[24-Jul-2024 13:35:26 UTC] PHP Warning:  Undefined array key "options" in /usr/share/nginx/cosmicdevelopment.com/wp-content/plugins/trx_addons/components/api/elementor/elementor.php on line 1217
[24-Jul-2024 13:35:26 UTC] PHP Deprecated:  trim(): Passing null to parameter #1 ($string) of type string is deprecated in /usr/share/nginx/cosmicdevelopment.com/wp-content/plugins/elementor-pro/modules/custom-css/module.php on line 96
[24-Jul-2024 13:35:26 UTC] PHP Warning:  Undefined variable $vixus_post_header_align in /usr/share/nginx/cosmicdevelopment.com/wp-content/themes/vixus-child/content.php on line 116
[24-Jul-2024 13:35:26 UTC] PHP Deprecated:  trim(): Passing null to parameter #1 ($string) of type string is deprecated in /usr/share/nginx/cosmicdevelopment.com/wp-content/plugins/elementor-pro/modules/custom-css/module.php on line 96
[24-Jul-2024 13:35:36 UTC] PHP Deprecated:  Implicit conversion from float 216.75 to int loses precision in /usr/share/nginx/cosmicdevelopment.com/wp-content/plugins/wp-gdpr-compliance/Utils/Helper.php on line 228
[24-Jul-2024 13:35:36 UTC] PHP Deprecated:  Implicit conversion from float 216.75 to int loses precision in /usr/share/nginx/cosmicdevelopment.com/wp-content/plugins/wp-gdpr-compliance/Utils/Helper.php on line 228
[24-Jul-2024 13:35:36 UTC] PHP Deprecated:  Implicit conversion from float 216.75 to int loses precision in /usr/share/nginx/cosmicdevelopment.com/wp-content/plugins/wp-gdpr-compliance/Utils/Helper.php on line 228
[24-Jul-2024 13:35:36 UTC] PHP Warning:  Undefined array key "options" in /usr/share/nginx/cosmicdevelopment.com/wp-content/plugins/trx_addons/components/api/elementor/elementor.php on line 1217
[24-Jul-2024 13:35:36 UTC] PHP Deprecated:  trim(): Passing null to parameter #1 ($string) of type string is deprecated in /usr/share/nginx/cosmicdevelopment.com/wp-content/plugins/elementor-pro/modules/custom-css/module.php on line 96
[24-Jul-2024 13:35:37 UTC] PHP Deprecated:  trim(): Passing null to parameter #1 ($string) of type string is deprecated in /usr/share/nginx/cosmicdevelopment.com/wp-content/plugins/elementor-pro/modules/custom-css/module.php on line 96
[24-Jul-2024 13:35:40 UTC] PHP Deprecated:  Implicit conversion from float 216.75 to int loses precision in /usr/share/nginx/cosmicdevelopment.com/wp-content/plugins/wp-gdpr-compliance/Utils/Helper.php on line 228
[24-Jul-2024 13:35:40 UTC] PHP Deprecated:  Implicit conversion from float 216.75 to int loses precision in /usr/share/nginx/cosmicdevelopment.com/wp-content/plugins/wp-gdpr-compliance/Utils/Helper.php on line 228
[24-Jul-2024 13:35:40 UTC] PHP Deprecated:  Implicit conversion from float 216.75 to int loses precision in /usr/share/nginx/cosmicdevelopment.com/wp-content/plugins/wp-gdpr-compliance/Utils/Helper.php on line 228
[24-Jul-2024 13:35:40 UTC] PHP Warning:  Undefined array key "options" in /usr/share/nginx/cosmicdevelopment.com/wp-content/plugins/trx_addons/components/api/elementor/elementor.php on line 1217
[24-Jul-2024 13:35:40 UTC] PHP Deprecated:  trim(): Passing null to parameter #1 ($string) of type string is deprecated in /usr/share/nginx/cosmicdevelopment.com/wp-content/plugins/elementor-pro/modules/custom-css/module.php on line 96
[24-Jul-2024 13:35:40 UTC] PHP Deprecated:  trim(): Passing null to parameter #1 ($string) of type string is deprecated in /usr/share/nginx/cosmicdevelopment.com/wp-content/plugins/elementor-pro/modules/custom-css/module.php on line 96
[24-Jul-2024 13:35:59 UTC] PHP Deprecated:  Implicit conversion from float 216.75 to int loses precision in /usr/share/nginx/cosmicdevelopment.com/wp-content/plugins/wp-gdpr-compliance/Utils/Helper.php on line 228
[24-Jul-2024 13:35:59 UTC] PHP Deprecated:  Implicit conversion from float 216.75 to int loses precision in /usr/share/nginx/cosmicdevelopment.com/wp-content/plugins/wp-gdpr-compliance/Utils/Helper.php on line 228
[24-Jul-2024 13:35:59 UTC] PHP Deprecated:  Implicit conversion from float 216.75 to int loses precision in /usr/share/nginx/cosmicdevelopment.com/wp-content/plugins/wp-gdpr-compliance/Utils/Helper.php on line 228
[24-Jul-2024 13:35:59 UTC] PHP Warning:  Undefined array key "options" in /usr/share/nginx/cosmicdevelopment.com/wp-content/plugins/trx_addons/components/api/elementor/elementor.php on line 1217
[24-Jul-2024 13:35:59 UTC] PHP Deprecated:  trim(): Passing null to parameter #1 ($string) of type string is deprecated in /usr/share/nginx/cosmicdevelopment.com/wp-content/plugins/elementor-pro/modules/custom-css/module.php on line 96
[24-Jul-2024 13:35:59 UTC] PHP Deprecated:  trim(): Passing null to parameter #1 ($string) of type string is deprecated in /usr/share/nginx/cosmicdevelopment.com/wp-content/plugins/elementor-pro/modules/custom-css/module.php on line 96
[24-Jul-2024 13:36:25 UTC] PHP Deprecated:  Implicit conversion from float 216.75 to int loses precision in /usr/share/nginx/cosmicdevelopment.com/wp-content/plugins/wp-gdpr-compliance/Utils/Helper.php on line 228
[24-Jul-2024 13:36:25 UTC] PHP Deprecated:  Implicit conversion from float 216.75 to int loses precision in /usr/share/nginx/cosmicdevelopment.com/wp-content/plugins/wp-gdpr-compliance/Utils/Helper.php on line 228
[24-Jul-2024 13:36:25 UTC] PHP Deprecated:  Implicit conversion from float 216.75 to int loses precision in /usr/share/nginx/cosmicdevelopment.com/wp-content/plugins/wp-gdpr-compliance/Utils/Helper.php on line 228
[24-Jul-2024 13:36:25 UTC] PHP Warning:  Undefined array key "options" in /usr/share/nginx/cosmicdevelopment.com/wp-content/plugins/trx_addons/components/api/elementor/elementor.php on line 1217
[24-Jul-2024 13:36:32 UTC] PHP Deprecated:  Implicit conversion from float 216.75 to int loses precision in /usr/share/nginx/cosmicdevelopment.com/wp-content/plugins/wp-gdpr-compliance/Utils/Helper.php on line 228
[24-Jul-2024 13:36:32 UTC] PHP Deprecated:  Implicit conversion from float 216.75 to int loses precision in /usr/share/nginx/cosmicdevelopment.com/wp-content/plugins/wp-gdpr-compliance/Utils/Helper.php on line 228
[24-Jul-2024 13:36:32 UTC] PHP Deprecated:  Implicit conversion from float 216.75 to int loses precision in /usr/share/nginx/cosmicdevelopment.com/wp-content/plugins/wp-gdpr-compliance/Utils/Helper.php on line 228
[24-Jul-2024 13:36:32 UTC] PHP Warning:  Undefined array key "options" in /usr/share/nginx/cosmicdevelopment.com/wp-content/plugins/trx_addons/components/api/elementor/elementor.php on line 1217
[24-Jul-2024 13:36:32 UTC] PHP Deprecated:  trim(): Passing null to parameter #1 ($string) of type string is deprecated in /usr/share/nginx/cosmicdevelopment.com/wp-content/plugins/elementor-pro/modules/custom-css/module.php on line 96
[24-Jul-2024 13:36:32 UTC] PHP Warning:  Undefined variable $vixus_post_header_align in /usr/share/nginx/cosmicdevelopment.com/wp-content/themes/vixus-child/content.php on line 116
[24-Jul-2024 13:36:32 UTC] PHP Deprecated:  trim(): Passing null to parameter #1 ($string) of type string is deprecated in /usr/share/nginx/cosmicdevelopment.com/wp-content/plugins/elementor-pro/modules/custom-css/module.php on line 96
[24-Jul-2024 13:37:06 UTC] PHP Deprecated:  Implicit conversion from float 216.75 to int loses precision in /usr/share/nginx/cosmicdevelopment.com/wp-content/plugins/wp-gdpr-compliance/Utils/Helper.php on line 228
[24-Jul-2024 13:37:06 UTC] PHP Deprecated:  Implicit conversion from float 216.75 to int loses precision in /usr/share/nginx/cosmicdevelopment.com/wp-content/plugins/wp-gdpr-compliance/Utils/Helper.php on line 228
[24-Jul-2024 13:37:06 UTC] PHP Deprecated:  Implicit conversion from float 216.75 to int loses precision in /usr/share/nginx/cosmicdevelopment.com/wp-content/plugins/wp-gdpr-compliance/Utils/Helper.php on line 228
[24-Jul-2024 13:37:06 UTC] PHP Warning:  Undefined array key "options" in /usr/share/nginx/cosmicdevelopment.com/wp-content/plugins/trx_addons/components/api/elementor/elementor.php on line 1217
[24-Jul-2024 13:37:06 UTC] PHP Deprecated:  trim(): Passing null to parameter #1 ($string) of type string is deprecated in /usr/share/nginx/cosmicdevelopment.com/wp-content/plugins/elementor-pro/modules/custom-css/module.php on line 96
[24-Jul-2024 13:37:06 UTC] PHP Deprecated:  trim(): Passing null to parameter #1 ($string) of type string is deprecated in /usr/share/nginx/cosmicdevelopment.com/wp-content/plugins/elementor-pro/modules/custom-css/module.php on line 96
[24-Jul-2024 13:37:09 UTC] PHP Deprecated:  Implicit conversion from float 216.75 to int loses precision in /usr/share/nginx/cosmicdevelopment.com/wp-content/plugins/wp-gdpr-compliance/Utils/Helper.php on line 228
[24-Jul-2024 13:37:09 UTC] PHP Deprecated:  Implicit conversion from float 216.75 to int loses precision in /usr/share/nginx/cosmicdevelopment.com/wp-content/plugins/wp-gdpr-compliance/Utils/Helper.php on line 228
[24-Jul-2024 13:37:09 UTC] PHP Deprecated:  Implicit conversion from float 216.75 to int loses precision in /usr/share/nginx/cosmicdevelopment.com/wp-content/plugins/wp-gdpr-compliance/Utils/Helper.php on line 228
[24-Jul-2024 13:37:09 UTC] PHP Warning:  Undefined array key "options" in /usr/share/nginx/cosmicdevelopment.com/wp-content/plugins/trx_addons/components/api/elementor/elementor.php on line 1217
[24-Jul-2024 13:37:09 UTC] PHP Deprecated:  trim(): Passing null to parameter #1 ($string) of type string is deprecated in /usr/share/nginx/cosmicdevelopment.com/wp-content/plugins/elementor-pro/modules/custom-css/module.php on line 96
[24-Jul-2024 13:37:09 UTC] PHP Deprecated:  trim(): Passing null to parameter #1 ($string) of type string is deprecated in /usr/share/nginx/cosmicdevelopment.com/wp-content/plugins/elementor-pro/modules/custom-css/module.php on line 96
[24-Jul-2024 13:37:11 UTC] PHP Deprecated:  Implicit conversion from float 216.75 to int loses precision in /usr/share/nginx/cosmicdevelopment.com/wp-content/plugins/wp-gdpr-compliance/Utils/Helper.php on line 228
[24-Jul-2024 13:37:11 UTC] PHP Deprecated:  Implicit conversion from float 216.75 to int loses precision in /usr/share/nginx/cosmicdevelopment.com/wp-content/plugins/wp-gdpr-compliance/Utils/Helper.php on line 228
[24-Jul-2024 13:37:11 UTC] PHP Deprecated:  Implicit conversion from float 216.75 to int loses precision in /usr/share/nginx/cosmicdevelopment.com/wp-content/plugins/wp-gdpr-compliance/Utils/Helper.php on line 228
[24-Jul-2024 13:37:11 UTC] PHP Warning:  Undefined array key "options" in /usr/share/nginx/cosmicdevelopment.com/wp-content/plugins/trx_addons/components/api/elementor/elementor.php on line 1217
[24-Jul-2024 13:37:11 UTC] PHP Deprecated:  str_contains(): Passing null to parameter #1 ($haystack) of type string is deprecated in /usr/share/nginx/cosmicdevelopment.com/wp-includes/shortcodes.php on line 246
[24-Jul-2024 13:37:11 UTC] PHP Deprecated:  str_contains(): Passing null to parameter #1 ($haystack) of type string is deprecated in /usr/share/nginx/cosmicdevelopment.com/wp-includes/shortcodes.php on line 246
[24-Jul-2024 13:37:11 UTC] PHP Deprecated:  str_contains(): Passing null to parameter #1 ($haystack) of type string is deprecated in /usr/share/nginx/cosmicdevelopment.com/wp-includes/shortcodes.php on line 246
[24-Jul-2024 13:37:11 UTC] PHP Deprecated:  str_contains(): Passing null to parameter #1 ($haystack) of type string is deprecated in /usr/share/nginx/cosmicdevelopment.com/wp-includes/shortcodes.php on line 246
[24-Jul-2024 13:37:17 UTC] PHP Deprecated:  Implicit conversion from float 216.75 to int loses precision in /usr/share/nginx/cosmicdevelopment.com/wp-content/plugins/wp-gdpr-compliance/Utils/Helper.php on line 228
[24-Jul-2024 13:37:17 UTC] PHP Deprecated:  Implicit conversion from float 216.75 to int loses precision in /usr/share/nginx/cosmicdevelopment.com/wp-content/plugins/wp-gdpr-compliance/Utils/Helper.php on line 228
[24-Jul-2024 13:37:17 UTC] PHP Deprecated:  Implicit conversion from float 216.75 to int loses precision in /usr/share/nginx/cosmicdevelopment.com/wp-content/plugins/wp-gdpr-compliance/Utils/Helper.php on line 228
[24-Jul-2024 13:37:17 UTC] PHP Warning:  Undefined array key "options" in /usr/share/nginx/cosmicdevelopment.com/wp-content/plugins/trx_addons/components/api/elementor/elementor.php on line 1217
[24-Jul-2024 13:37:17 UTC] PHP Deprecated:  str_contains(): Passing null to parameter #1 ($haystack) of type string is deprecated in /usr/share/nginx/cosmicdevelopment.com/wp-includes/shortcodes.php on line 246
[24-Jul-2024 13:37:17 UTC] PHP Deprecated:  str_contains(): Passing null to parameter #1 ($haystack) of type string is deprecated in /usr/share/nginx/cosmicdevelopment.com/wp-includes/shortcodes.php on line 246
[24-Jul-2024 13:37:17 UTC] PHP Deprecated:  str_contains(): Passing null to parameter #1 ($haystack) of type string is deprecated in /usr/share/nginx/cosmicdevelopment.com/wp-includes/shortcodes.php on line 246
[24-Jul-2024 13:37:17 UTC] PHP Deprecated:  str_contains(): Passing null to parameter #1 ($haystack) of type string is deprecated in /usr/share/nginx/cosmicdevelopment.com/wp-includes/shortcodes.php on line 246
[24-Jul-2024 13:37:19 UTC] PHP Deprecated:  Implicit conversion from float 216.75 to int loses precision in /usr/share/nginx/cosmicdevelopment.com/wp-content/plugins/wp-gdpr-compliance/Utils/Helper.php on line 228
[24-Jul-2024 13:37:19 UTC] PHP Deprecated:  Implicit conversion from float 216.75 to int loses precision in /usr/share/nginx/cosmicdevelopment.com/wp-content/plugins/wp-gdpr-compliance/Utils/Helper.php on line 228
[24-Jul-2024 13:37:19 UTC] PHP Deprecated:  Implicit conversion from float 216.75 to int loses precision in /usr/share/nginx/cosmicdevelopment.com/wp-content/plugins/wp-gdpr-compliance/Utils/Helper.php on line 228
[24-Jul-2024 13:37:19 UTC] PHP Warning:  Undefined array key "options" in /usr/share/nginx/cosmicdevelopment.com/wp-content/plugins/trx_addons/components/api/elementor/elementor.php on line 1217
[24-Jul-2024 13:37:19 UTC] PHP Deprecated:  str_contains(): Passing null to parameter #1 ($haystack) of type string is deprecated in /usr/share/nginx/cosmicdevelopment.com/wp-includes/shortcodes.php on line 246
[24-Jul-2024 13:37:19 UTC] PHP Deprecated:  str_contains(): Passing null to parameter #1 ($haystack) of type string is deprecated in /usr/share/nginx/cosmicdevelopment.com/wp-includes/shortcodes.php on line 246
[24-Jul-2024 13:37:19 UTC] PHP Deprecated:  str_contains(): Passing null to parameter #1 ($haystack) of type string is deprecated in /usr/share/nginx/cosmicdevelopment.com/wp-includes/shortcodes.php on line 246
[24-Jul-2024 13:37:19 UTC] PHP Deprecated:  str_contains(): Passing null to parameter #1 ($haystack) of type string is deprecated in /usr/share/nginx/cosmicdevelopment.com/wp-includes/shortcodes.php on line 246
[24-Jul-2024 13:37:21 UTC] PHP Deprecated:  Implicit conversion from float 216.75 to int loses precision in /usr/share/nginx/cosmicdevelopment.com/wp-content/plugins/wp-gdpr-compliance/Utils/Helper.php on line 228
[24-Jul-2024 13:37:21 UTC] PHP Deprecated:  Implicit conversion from float 216.75 to int loses precision in /usr/share/nginx/cosmicdevelopment.com/wp-content/plugins/wp-gdpr-compliance/Utils/Helper.php on line 228
[24-Jul-2024 13:37:21 UTC] PHP Deprecated:  Implicit conversion from float 216.75 to int loses precision in /usr/share/nginx/cosmicdevelopment.com/wp-content/plugins/wp-gdpr-compliance/Utils/Helper.php on line 228
[24-Jul-2024 13:37:21 UTC] PHP Warning:  Undefined array key "options" in /usr/share/nginx/cosmicdevelopment.com/wp-content/plugins/trx_addons/components/api/elementor/elementor.php on line 1217
[24-Jul-2024 13:37:21 UTC] PHP Deprecated:  trim(): Passing null to parameter #1 ($string) of type string is deprecated in /usr/share/nginx/cosmicdevelopment.com/wp-content/plugins/elementor-pro/modules/custom-css/module.php on line 96
[24-Jul-2024 13:37:21 UTC] PHP Deprecated:  trim(): Passing null to parameter #1 ($string) of type string is deprecated in /usr/share/nginx/cosmicdevelopment.com/wp-content/plugins/elementor-pro/modules/custom-css/module.php on line 96
[24-Jul-2024 13:37:24 UTC] PHP Deprecated:  Implicit conversion from float 216.75 to int loses precision in /usr/share/nginx/cosmicdevelopment.com/wp-content/plugins/wp-gdpr-compliance/Utils/Helper.php on line 228
[24-Jul-2024 13:37:24 UTC] PHP Deprecated:  Implicit conversion from float 216.75 to int loses precision in /usr/share/nginx/cosmicdevelopment.com/wp-content/plugins/wp-gdpr-compliance/Utils/Helper.php on line 228
[24-Jul-2024 13:37:24 UTC] PHP Deprecated:  Implicit conversion from float 216.75 to int loses precision in /usr/share/nginx/cosmicdevelopment.com/wp-content/plugins/wp-gdpr-compliance/Utils/Helper.php on line 228
[24-Jul-2024 13:37:24 UTC] PHP Warning:  Undefined array key "options" in /usr/share/nginx/cosmicdevelopment.com/wp-content/plugins/trx_addons/components/api/elementor/elementor.php on line 1217
[24-Jul-2024 13:39:57 UTC] PHP Deprecated:  Implicit conversion from float 216.75 to int loses precision in /usr/share/nginx/cosmicdevelopment.com/wp-content/plugins/wp-gdpr-compliance/Utils/Helper.php on line 228
[24-Jul-2024 13:39:57 UTC] PHP Deprecated:  Implicit conversion from float 216.75 to int loses precision in /usr/share/nginx/cosmicdevelopment.com/wp-content/plugins/wp-gdpr-compliance/Utils/Helper.php on line 228
[24-Jul-2024 13:39:57 UTC] PHP Deprecated:  Implicit conversion from float 216.75 to int loses precision in /usr/share/nginx/cosmicdevelopment.com/wp-content/plugins/wp-gdpr-compliance/Utils/Helper.php on line 228
[24-Jul-2024 13:39:57 UTC] PHP Warning:  Undefined array key "options" in /usr/share/nginx/cosmicdevelopment.com/wp-content/plugins/trx_addons/components/api/elementor/elementor.php on line 1217
[24-Jul-2024 13:40:03 UTC] PHP Deprecated:  Implicit conversion from float 216.75 to int loses precision in /usr/share/nginx/cosmicdevelopment.com/wp-content/plugins/wp-gdpr-compliance/Utils/Helper.php on line 228
[24-Jul-2024 13:40:03 UTC] PHP Deprecated:  Implicit conversion from float 216.75 to int loses precision in /usr/share/nginx/cosmicdevelopment.com/wp-content/plugins/wp-gdpr-compliance/Utils/Helper.php on line 228
[24-Jul-2024 13:40:03 UTC] PHP Deprecated:  Implicit conversion from float 216.75 to int loses precision in /usr/share/nginx/cosmicdevelopment.com/wp-content/plugins/wp-gdpr-compliance/Utils/Helper.php on line 228
[24-Jul-2024 13:40:03 UTC] PHP Warning:  Undefined array key "options" in /usr/share/nginx/cosmicdevelopment.com/wp-content/plugins/trx_addons/components/api/elementor/elementor.php on line 1217
[24-Jul-2024 13:40:04 UTC] PHP Deprecated:  trim(): Passing null to parameter #1 ($string) of type string is deprecated in /usr/share/nginx/cosmicdevelopment.com/wp-content/plugins/elementor-pro/modules/custom-css/module.php on line 96
[24-Jul-2024 13:40:04 UTC] PHP Deprecated:  trim(): Passing null to parameter #1 ($string) of type string is deprecated in /usr/share/nginx/cosmicdevelopment.com/wp-content/plugins/elementor-pro/modules/custom-css/module.php on line 96
[24-Jul-2024 13:40:14 UTC] PHP Deprecated:  Implicit conversion from float 216.75 to int loses precision in /usr/share/nginx/cosmicdevelopment.com/wp-content/plugins/wp-gdpr-compliance/Utils/Helper.php on line 228
[24-Jul-2024 13:40:14 UTC] PHP Deprecated:  Implicit conversion from float 216.75 to int loses precision in /usr/share/nginx/cosmicdevelopment.com/wp-content/plugins/wp-gdpr-compliance/Utils/Helper.php on line 228
[24-Jul-2024 13:40:14 UTC] PHP Deprecated:  Implicit conversion from float 216.75 to int loses precision in /usr/share/nginx/cosmicdevelopment.com/wp-content/plugins/wp-gdpr-compliance/Utils/Helper.php on line 228
[24-Jul-2024 13:40:14 UTC] PHP Warning:  Undefined array key "options" in /usr/share/nginx/cosmicdevelopment.com/wp-content/plugins/trx_addons/components/api/elementor/elementor.php on line 1217
[24-Jul-2024 13:40:14 UTC] PHP Deprecated:  str_contains(): Passing null to parameter #1 ($haystack) of type string is deprecated in /usr/share/nginx/cosmicdevelopment.com/wp-includes/shortcodes.php on line 246
[24-Jul-2024 13:40:14 UTC] PHP Deprecated:  str_contains(): Passing null to parameter #1 ($haystack) of type string is deprecated in /usr/share/nginx/cosmicdevelopment.com/wp-includes/shortcodes.php on line 246
[24-Jul-2024 13:40:14 UTC] PHP Deprecated:  str_contains(): Passing null to parameter #1 ($haystack) of type string is deprecated in /usr/share/nginx/cosmicdevelopment.com/wp-includes/shortcodes.php on line 246
[24-Jul-2024 13:40:14 UTC] PHP Deprecated:  str_contains(): Passing null to parameter #1 ($haystack) of type string is deprecated in /usr/share/nginx/cosmicdevelopment.com/wp-includes/shortcodes.php on line 246
[24-Jul-2024 13:40:56 UTC] PHP Deprecated:  Implicit conversion from float 216.75 to int loses precision in /usr/share/nginx/cosmicdevelopment.com/wp-content/plugins/wp-gdpr-compliance/Utils/Helper.php on line 228
[24-Jul-2024 13:40:56 UTC] PHP Deprecated:  Implicit conversion from float 216.75 to int loses precision in /usr/share/nginx/cosmicdevelopment.com/wp-content/plugins/wp-gdpr-compliance/Utils/Helper.php on line 228
[24-Jul-2024 13:40:56 UTC] PHP Deprecated:  Implicit conversion from float 216.75 to int loses precision in /usr/share/nginx/cosmicdevelopment.com/wp-content/plugins/wp-gdpr-compliance/Utils/Helper.php on line 228
[24-Jul-2024 13:40:56 UTC] PHP Warning:  Undefined array key "options" in /usr/share/nginx/cosmicdevelopment.com/wp-content/plugins/trx_addons/components/api/elementor/elementor.php on line 1217
[24-Jul-2024 13:40:56 UTC] PHP Deprecated:  trim(): Passing null to parameter #1 ($string) of type string is deprecated in /usr/share/nginx/cosmicdevelopment.com/wp-content/plugins/elementor-pro/modules/custom-css/module.php on line 96
[24-Jul-2024 13:40:56 UTC] PHP Deprecated:  trim(): Passing null to parameter #1 ($string) of type string is deprecated in /usr/share/nginx/cosmicdevelopment.com/wp-content/plugins/elementor-pro/modules/custom-css/module.php on line 96
[24-Jul-2024 13:41:01 UTC] PHP Deprecated:  Implicit conversion from float 216.75 to int loses precision in /usr/share/nginx/cosmicdevelopment.com/wp-content/plugins/wp-gdpr-compliance/Utils/Helper.php on line 228
[24-Jul-2024 13:41:01 UTC] PHP Deprecated:  Implicit conversion from float 216.75 to int loses precision in /usr/share/nginx/cosmicdevelopment.com/wp-content/plugins/wp-gdpr-compliance/Utils/Helper.php on line 228
[24-Jul-2024 13:41:01 UTC] PHP Deprecated:  Implicit conversion from float 216.75 to int loses precision in /usr/share/nginx/cosmicdevelopment.com/wp-content/plugins/wp-gdpr-compliance/Utils/Helper.php on line 228
[24-Jul-2024 13:41:01 UTC] PHP Warning:  Undefined array key "options" in /usr/share/nginx/cosmicdevelopment.com/wp-content/plugins/trx_addons/components/api/elementor/elementor.php on line 1217
[24-Jul-2024 13:41:01 UTC] PHP Deprecated:  str_contains(): Passing null to parameter #1 ($haystack) of type string is deprecated in /usr/share/nginx/cosmicdevelopment.com/wp-includes/shortcodes.php on line 246
[24-Jul-2024 13:41:01 UTC] PHP Deprecated:  str_contains(): Passing null to parameter #1 ($haystack) of type string is deprecated in /usr/share/nginx/cosmicdevelopment.com/wp-includes/shortcodes.php on line 246
[24-Jul-2024 13:41:01 UTC] PHP Deprecated:  str_contains(): Passing null to parameter #1 ($haystack) of type string is deprecated in /usr/share/nginx/cosmicdevelopment.com/wp-includes/shortcodes.php on line 246
[24-Jul-2024 13:41:01 UTC] PHP Deprecated:  str_contains(): Passing null to parameter #1 ($haystack) of type string is deprecated in /usr/share/nginx/cosmicdevelopment.com/wp-includes/shortcodes.php on line 246
[24-Jul-2024 13:41:04 UTC] PHP Deprecated:  Implicit conversion from float 216.75 to int loses precision in /usr/share/nginx/cosmicdevelopment.com/wp-content/plugins/wp-gdpr-compliance/Utils/Helper.php on line 228
[24-Jul-2024 13:41:04 UTC] PHP Deprecated:  Implicit conversion from float 216.75 to int loses precision in /usr/share/nginx/cosmicdevelopment.com/wp-content/plugins/wp-gdpr-compliance/Utils/Helper.php on line 228
[24-Jul-2024 13:41:04 UTC] PHP Deprecated:  Implicit conversion from float 216.75 to int loses precision in /usr/share/nginx/cosmicdevelopment.com/wp-content/plugins/wp-gdpr-compliance/Utils/Helper.php on line 228
[24-Jul-2024 13:41:04 UTC] PHP Warning:  Undefined array key "options" in /usr/share/nginx/cosmicdevelopment.com/wp-content/plugins/trx_addons/components/api/elementor/elementor.php on line 1217
[24-Jul-2024 13:41:05 UTC] PHP Deprecated:  str_contains(): Passing null to parameter #1 ($haystack) of type string is deprecated in /usr/share/nginx/cosmicdevelopment.com/wp-includes/shortcodes.php on line 246
[24-Jul-2024 13:41:05 UTC] PHP Deprecated:  str_contains(): Passing null to parameter #1 ($haystack) of type string is deprecated in /usr/share/nginx/cosmicdevelopment.com/wp-includes/shortcodes.php on line 246
[24-Jul-2024 13:41:05 UTC] PHP Deprecated:  str_contains(): Passing null to parameter #1 ($haystack) of type string is deprecated in /usr/share/nginx/cosmicdevelopment.com/wp-includes/shortcodes.php on line 246
[24-Jul-2024 13:41:05 UTC] PHP Deprecated:  str_contains(): Passing null to parameter #1 ($haystack) of type string is deprecated in /usr/share/nginx/cosmicdevelopment.com/wp-includes/shortcodes.php on line 246
[24-Jul-2024 13:41:06 UTC] PHP Deprecated:  Implicit conversion from float 216.75 to int loses precision in /usr/share/nginx/cosmicdevelopment.com/wp-content/plugins/wp-gdpr-compliance/Utils/Helper.php on line 228
[24-Jul-2024 13:41:06 UTC] PHP Deprecated:  Implicit conversion from float 216.75 to int loses precision in /usr/share/nginx/cosmicdevelopment.com/wp-content/plugins/wp-gdpr-compliance/Utils/Helper.php on line 228
[24-Jul-2024 13:41:06 UTC] PHP Deprecated:  Implicit conversion from float 216.75 to int loses precision in /usr/share/nginx/cosmicdevelopment.com/wp-content/plugins/wp-gdpr-compliance/Utils/Helper.php on line 228
[24-Jul-2024 13:41:06 UTC] PHP Warning:  Undefined array key "options" in /usr/share/nginx/cosmicdevelopment.com/wp-content/plugins/trx_addons/components/api/elementor/elementor.php on line 1217
[24-Jul-2024 13:41:06 UTC] PHP Deprecated:  str_contains(): Passing null to parameter #1 ($haystack) of type string is deprecated in /usr/share/nginx/cosmicdevelopment.com/wp-includes/shortcodes.php on line 246
[24-Jul-2024 13:41:06 UTC] PHP Deprecated:  str_contains(): Passing null to parameter #1 ($haystack) of type string is deprecated in /usr/share/nginx/cosmicdevelopment.com/wp-includes/shortcodes.php on line 246
[24-Jul-2024 13:41:06 UTC] PHP Deprecated:  str_contains(): Passing null to parameter #1 ($haystack) of type string is deprecated in /usr/share/nginx/cosmicdevelopment.com/wp-includes/shortcodes.php on line 246
[24-Jul-2024 13:41:06 UTC] PHP Deprecated:  str_contains(): Passing null to parameter #1 ($haystack) of type string is deprecated in /usr/share/nginx/cosmicdevelopment.com/wp-includes/shortcodes.php on line 246
[24-Jul-2024 13:41:08 UTC] PHP Deprecated:  Implicit conversion from float 216.75 to int loses precision in /usr/share/nginx/cosmicdevelopment.com/wp-content/plugins/wp-gdpr-compliance/Utils/Helper.php on line 228
[24-Jul-2024 13:41:08 UTC] PHP Deprecated:  Implicit conversion from float 216.75 to int loses precision in /usr/share/nginx/cosmicdevelopment.com/wp-content/plugins/wp-gdpr-compliance/Utils/Helper.php on line 228
[24-Jul-2024 13:41:08 UTC] PHP Deprecated:  Implicit conversion from float 216.75 to int loses precision in /usr/share/nginx/cosmicdevelopment.com/wp-content/plugins/wp-gdpr-compliance/Utils/Helper.php on line 228
[24-Jul-2024 13:41:08 UTC] PHP Warning:  Undefined array key "options" in /usr/share/nginx/cosmicdevelopment.com/wp-content/plugins/trx_addons/components/api/elementor/elementor.php on line 1217
[24-Jul-2024 13:41:08 UTC] PHP Deprecated:  str_contains(): Passing null to parameter #1 ($haystack) of type string is deprecated in /usr/share/nginx/cosmicdevelopment.com/wp-includes/shortcodes.php on line 246
[24-Jul-2024 13:41:08 UTC] PHP Deprecated:  str_contains(): Passing null to parameter #1 ($haystack) of type string is deprecated in /usr/share/nginx/cosmicdevelopment.com/wp-includes/shortcodes.php on line 246
[24-Jul-2024 13:41:08 UTC] PHP Deprecated:  str_contains(): Passing null to parameter #1 ($haystack) of type string is deprecated in /usr/share/nginx/cosmicdevelopment.com/wp-includes/shortcodes.php on line 246
[24-Jul-2024 13:41:08 UTC] PHP Deprecated:  str_contains(): Passing null to parameter #1 ($haystack) of type string is deprecated in /usr/share/nginx/cosmicdevelopment.com/wp-includes/shortcodes.php on line 246
[24-Jul-2024 13:41:09 UTC] PHP Deprecated:  Implicit conversion from float 216.75 to int loses precision in /usr/share/nginx/cosmicdevelopment.com/wp-content/plugins/wp-gdpr-compliance/Utils/Helper.php on line 228
[24-Jul-2024 13:41:09 UTC] PHP Deprecated:  Implicit conversion from float 216.75 to int loses precision in /usr/share/nginx/cosmicdevelopment.com/wp-content/plugins/wp-gdpr-compliance/Utils/Helper.php on line 228
[24-Jul-2024 13:41:09 UTC] PHP Deprecated:  Implicit conversion from float 216.75 to int loses precision in /usr/share/nginx/cosmicdevelopment.com/wp-content/plugins/wp-gdpr-compliance/Utils/Helper.php on line 228
[24-Jul-2024 13:41:09 UTC] PHP Warning:  Undefined array key "options" in /usr/share/nginx/cosmicdevelopment.com/wp-content/plugins/trx_addons/components/api/elementor/elementor.php on line 1217
[24-Jul-2024 13:41:09 UTC] PHP Deprecated:  trim(): Passing null to parameter #1 ($string) of type string is deprecated in /usr/share/nginx/cosmicdevelopment.com/wp-content/plugins/elementor-pro/modules/custom-css/module.php on line 96
[24-Jul-2024 13:41:10 UTC] PHP Deprecated:  trim(): Passing null to parameter #1 ($string) of type string is deprecated in /usr/share/nginx/cosmicdevelopment.com/wp-content/plugins/elementor-pro/modules/custom-css/module.php on line 96
[24-Jul-2024 13:42:06 UTC] PHP Deprecated:  Implicit conversion from float 216.75 to int loses precision in /usr/share/nginx/cosmicdevelopment.com/wp-content/plugins/wp-gdpr-compliance/Utils/Helper.php on line 228
[24-Jul-2024 13:42:06 UTC] PHP Deprecated:  Implicit conversion from float 216.75 to int loses precision in /usr/share/nginx/cosmicdevelopment.com/wp-content/plugins/wp-gdpr-compliance/Utils/Helper.php on line 228
[24-Jul-2024 13:42:06 UTC] PHP Deprecated:  Implicit conversion from float 216.75 to int loses precision in /usr/share/nginx/cosmicdevelopment.com/wp-content/plugins/wp-gdpr-compliance/Utils/Helper.php on line 228
[24-Jul-2024 13:42:06 UTC] PHP Warning:  Undefined array key "options" in /usr/share/nginx/cosmicdevelopment.com/wp-content/plugins/trx_addons/components/api/elementor/elementor.php on line 1217
[24-Jul-2024 13:42:53 UTC] PHP Deprecated:  Implicit conversion from float 216.75 to int loses precision in /usr/share/nginx/cosmicdevelopment.com/wp-content/plugins/wp-gdpr-compliance/Utils/Helper.php on line 228
[24-Jul-2024 13:42:53 UTC] PHP Deprecated:  Implicit conversion from float 216.75 to int loses precision in /usr/share/nginx/cosmicdevelopment.com/wp-content/plugins/wp-gdpr-compliance/Utils/Helper.php on line 228
[24-Jul-2024 13:42:53 UTC] PHP Deprecated:  Implicit conversion from float 216.75 to int loses precision in /usr/share/nginx/cosmicdevelopment.com/wp-content/plugins/wp-gdpr-compliance/Utils/Helper.php on line 228
[24-Jul-2024 13:42:53 UTC] PHP Warning:  Undefined array key "options" in /usr/share/nginx/cosmicdevelopment.com/wp-content/plugins/trx_addons/components/api/elementor/elementor.php on line 1217
[24-Jul-2024 13:42:53 UTC] PHP Deprecated:  trim(): Passing null to parameter #1 ($string) of type string is deprecated in /usr/share/nginx/cosmicdevelopment.com/wp-content/plugins/elementor-pro/modules/custom-css/module.php on line 96
[24-Jul-2024 13:42:53 UTC] PHP Deprecated:  trim(): Passing null to parameter #1 ($string) of type string is deprecated in /usr/share/nginx/cosmicdevelopment.com/wp-content/plugins/elementor-pro/modules/custom-css/module.php on line 96
[24-Jul-2024 13:43:31 UTC] PHP Deprecated:  Implicit conversion from float 216.75 to int loses precision in /usr/share/nginx/cosmicdevelopment.com/wp-content/plugins/wp-gdpr-compliance/Utils/Helper.php on line 228
[24-Jul-2024 13:43:31 UTC] PHP Deprecated:  Implicit conversion from float 216.75 to int loses precision in /usr/share/nginx/cosmicdevelopment.com/wp-content/plugins/wp-gdpr-compliance/Utils/Helper.php on line 228
[24-Jul-2024 13:43:31 UTC] PHP Deprecated:  Implicit conversion from float 216.75 to int loses precision in /usr/share/nginx/cosmicdevelopment.com/wp-content/plugins/wp-gdpr-compliance/Utils/Helper.php on line 228
[24-Jul-2024 13:43:31 UTC] PHP Warning:  Undefined array key "options" in /usr/share/nginx/cosmicdevelopment.com/wp-content/plugins/trx_addons/components/api/elementor/elementor.php on line 1217
[24-Jul-2024 13:43:31 UTC] PHP Deprecated:  trim(): Passing null to parameter #1 ($string) of type string is deprecated in /usr/share/nginx/cosmicdevelopment.com/wp-content/plugins/elementor-pro/modules/custom-css/module.php on line 96
[24-Jul-2024 13:43:31 UTC] PHP Deprecated:  trim(): Passing null to parameter #1 ($string) of type string is deprecated in /usr/share/nginx/cosmicdevelopment.com/wp-content/plugins/elementor-pro/modules/custom-css/module.php on line 96
[24-Jul-2024 13:44:41 UTC] PHP Deprecated:  Implicit conversion from float 216.75 to int loses precision in /usr/share/nginx/cosmicdevelopment.com/wp-content/plugins/wp-gdpr-compliance/Utils/Helper.php on line 228
[24-Jul-2024 13:44:41 UTC] PHP Deprecated:  Implicit conversion from float 216.75 to int loses precision in /usr/share/nginx/cosmicdevelopment.com/wp-content/plugins/wp-gdpr-compliance/Utils/Helper.php on line 228
[24-Jul-2024 13:44:41 UTC] PHP Deprecated:  Implicit conversion from float 216.75 to int loses precision in /usr/share/nginx/cosmicdevelopment.com/wp-content/plugins/wp-gdpr-compliance/Utils/Helper.php on line 228
[24-Jul-2024 13:44:41 UTC] PHP Warning:  Undefined array key "options" in /usr/share/nginx/cosmicdevelopment.com/wp-content/plugins/trx_addons/components/api/elementor/elementor.php on line 1217
[24-Jul-2024 13:44:41 UTC] PHP Deprecated:  trim(): Passing null to parameter #1 ($string) of type string is deprecated in /usr/share/nginx/cosmicdevelopment.com/wp-content/plugins/elementor-pro/modules/custom-css/module.php on line 96
[24-Jul-2024 13:44:41 UTC] PHP Warning:  Undefined variable $vixus_post_header_align in /usr/share/nginx/cosmicdevelopment.com/wp-content/themes/vixus-child/content.php on line 116
[24-Jul-2024 13:44:41 UTC] PHP Deprecated:  trim(): Passing null to parameter #1 ($string) of type string is deprecated in /usr/share/nginx/cosmicdevelopment.com/wp-content/plugins/elementor-pro/modules/custom-css/module.php on line 96
[24-Jul-2024 13:44:43 UTC] PHP Deprecated:  Implicit conversion from float 216.75 to int loses precision in /usr/share/nginx/cosmicdevelopment.com/wp-content/plugins/wp-gdpr-compliance/Utils/Helper.php on line 228
[24-Jul-2024 13:44:43 UTC] PHP Deprecated:  Implicit conversion from float 216.75 to int loses precision in /usr/share/nginx/cosmicdevelopment.com/wp-content/plugins/wp-gdpr-compliance/Utils/Helper.php on line 228
[24-Jul-2024 13:44:43 UTC] PHP Deprecated:  Implicit conversion from float 216.75 to int loses precision in /usr/share/nginx/cosmicdevelopment.com/wp-content/plugins/wp-gdpr-compliance/Utils/Helper.php on line 228
[24-Jul-2024 13:44:43 UTC] PHP Warning:  Undefined array key "options" in /usr/share/nginx/cosmicdevelopment.com/wp-content/plugins/trx_addons/components/api/elementor/elementor.php on line 1217
[24-Jul-2024 13:44:43 UTC] PHP Deprecated:  trim(): Passing null to parameter #1 ($string) of type string is deprecated in /usr/share/nginx/cosmicdevelopment.com/wp-content/plugins/elementor-pro/modules/custom-css/module.php on line 96
[24-Jul-2024 13:44:44 UTC] PHP Deprecated:  trim(): Passing null to parameter #1 ($string) of type string is deprecated in /usr/share/nginx/cosmicdevelopment.com/wp-content/plugins/elementor-pro/modules/custom-css/module.php on line 96
[24-Jul-2024 13:45:40 UTC] PHP Deprecated:  Implicit conversion from float 216.75 to int loses precision in /usr/share/nginx/cosmicdevelopment.com/wp-content/plugins/wp-gdpr-compliance/Utils/Helper.php on line 228
[24-Jul-2024 13:45:40 UTC] PHP Deprecated:  Implicit conversion from float 216.75 to int loses precision in /usr/share/nginx/cosmicdevelopment.com/wp-content/plugins/wp-gdpr-compliance/Utils/Helper.php on line 228
[24-Jul-2024 13:45:40 UTC] PHP Deprecated:  Implicit conversion from float 216.75 to int loses precision in /usr/share/nginx/cosmicdevelopment.com/wp-content/plugins/wp-gdpr-compliance/Utils/Helper.php on line 228
[24-Jul-2024 13:45:40 UTC] PHP Warning:  Undefined array key "options" in /usr/share/nginx/cosmicdevelopment.com/wp-content/plugins/trx_addons/components/api/elementor/elementor.php on line 1217
[24-Jul-2024 13:45:40 UTC] PHP Deprecated:  trim(): Passing null to parameter #1 ($string) of type string is deprecated in /usr/share/nginx/cosmicdevelopment.com/wp-content/plugins/elementor-pro/modules/custom-css/module.php on line 96
[24-Jul-2024 13:45:40 UTC] PHP Deprecated:  trim(): Passing null to parameter #1 ($string) of type string is deprecated in /usr/share/nginx/cosmicdevelopment.com/wp-content/plugins/elementor-pro/modules/custom-css/module.php on line 96
[24-Jul-2024 13:45:42 UTC] PHP Deprecated:  Implicit conversion from float 216.75 to int loses precision in /usr/share/nginx/cosmicdevelopment.com/wp-content/plugins/wp-gdpr-compliance/Utils/Helper.php on line 228
[24-Jul-2024 13:45:42 UTC] PHP Deprecated:  Implicit conversion from float 216.75 to int loses precision in /usr/share/nginx/cosmicdevelopment.com/wp-content/plugins/wp-gdpr-compliance/Utils/Helper.php on line 228
[24-Jul-2024 13:45:42 UTC] PHP Deprecated:  Implicit conversion from float 216.75 to int loses precision in /usr/share/nginx/cosmicdevelopment.com/wp-content/plugins/wp-gdpr-compliance/Utils/Helper.php on line 228
[24-Jul-2024 13:45:42 UTC] PHP Warning:  Undefined array key "options" in /usr/share/nginx/cosmicdevelopment.com/wp-content/plugins/trx_addons/components/api/elementor/elementor.php on line 1217
[24-Jul-2024 13:45:42 UTC] PHP Deprecated:  trim(): Passing null to parameter #1 ($string) of type string is deprecated in /usr/share/nginx/cosmicdevelopment.com/wp-content/plugins/elementor-pro/modules/custom-css/module.php on line 96
[24-Jul-2024 13:45:43 UTC] PHP Deprecated:  trim(): Passing null to parameter #1 ($string) of type string is deprecated in /usr/share/nginx/cosmicdevelopment.com/wp-content/plugins/elementor-pro/modules/custom-css/module.php on line 96
[24-Jul-2024 13:47:44 UTC] PHP Deprecated:  Implicit conversion from float 216.75 to int loses precision in /usr/share/nginx/cosmicdevelopment.com/wp-content/plugins/wp-gdpr-compliance/Utils/Helper.php on line 228
[24-Jul-2024 13:47:44 UTC] PHP Deprecated:  Implicit conversion from float 216.75 to int loses precision in /usr/share/nginx/cosmicdevelopment.com/wp-content/plugins/wp-gdpr-compliance/Utils/Helper.php on line 228
[24-Jul-2024 13:47:44 UTC] PHP Deprecated:  Implicit conversion from float 216.75 to int loses precision in /usr/share/nginx/cosmicdevelopment.com/wp-content/plugins/wp-gdpr-compliance/Utils/Helper.php on line 228
[24-Jul-2024 13:47:44 UTC] PHP Warning:  Undefined array key "options" in /usr/share/nginx/cosmicdevelopment.com/wp-content/plugins/trx_addons/components/api/elementor/elementor.php on line 1217
[24-Jul-2024 13:47:44 UTC] PHP Deprecated:  trim(): Passing null to parameter #1 ($string) of type string is deprecated in /usr/share/nginx/cosmicdevelopment.com/wp-content/plugins/elementor-pro/modules/custom-css/module.php on line 96
[24-Jul-2024 13:47:45 UTC] PHP Deprecated:  trim(): Passing null to parameter #1 ($string) of type string is deprecated in /usr/share/nginx/cosmicdevelopment.com/wp-content/plugins/elementor-pro/modules/custom-css/module.php on line 96
[24-Jul-2024 13:49:20 UTC] PHP Deprecated:  Implicit conversion from float 216.75 to int loses precision in /usr/share/nginx/cosmicdevelopment.com/wp-content/plugins/wp-gdpr-compliance/Utils/Helper.php on line 228
[24-Jul-2024 13:49:20 UTC] PHP Deprecated:  Implicit conversion from float 216.75 to int loses precision in /usr/share/nginx/cosmicdevelopment.com/wp-content/plugins/wp-gdpr-compliance/Utils/Helper.php on line 228
[24-Jul-2024 13:49:20 UTC] PHP Deprecated:  Implicit conversion from float 216.75 to int loses precision in /usr/share/nginx/cosmicdevelopment.com/wp-content/plugins/wp-gdpr-compliance/Utils/Helper.php on line 228
[24-Jul-2024 13:49:20 UTC] PHP Warning:  Undefined array key "options" in /usr/share/nginx/cosmicdevelopment.com/wp-content/plugins/trx_addons/components/api/elementor/elementor.php on line 1217
[24-Jul-2024 13:49:20 UTC] PHP Deprecated:  trim(): Passing null to parameter #1 ($string) of type string is deprecated in /usr/share/nginx/cosmicdevelopment.com/wp-content/plugins/elementor-pro/modules/custom-css/module.php on line 96
[24-Jul-2024 13:49:20 UTC] PHP Deprecated:  trim(): Passing null to parameter #1 ($string) of type string is deprecated in /usr/share/nginx/cosmicdevelopment.com/wp-content/plugins/elementor-pro/modules/custom-css/module.php on line 96
[24-Jul-2024 13:49:22 UTC] PHP Deprecated:  Implicit conversion from float 216.75 to int loses precision in /usr/share/nginx/cosmicdevelopment.com/wp-content/plugins/wp-gdpr-compliance/Utils/Helper.php on line 228
[24-Jul-2024 13:49:22 UTC] PHP Deprecated:  Implicit conversion from float 216.75 to int loses precision in /usr/share/nginx/cosmicdevelopment.com/wp-content/plugins/wp-gdpr-compliance/Utils/Helper.php on line 228
[24-Jul-2024 13:49:22 UTC] PHP Deprecated:  Implicit conversion from float 216.75 to int loses precision in /usr/share/nginx/cosmicdevelopment.com/wp-content/plugins/wp-gdpr-compliance/Utils/Helper.php on line 228
[24-Jul-2024 13:49:22 UTC] PHP Warning:  Undefined array key "options" in /usr/share/nginx/cosmicdevelopment.com/wp-content/plugins/trx_addons/components/api/elementor/elementor.php on line 1217
[24-Jul-2024 13:49:22 UTC] PHP Deprecated:  trim(): Passing null to parameter #1 ($string) of type string is deprecated in /usr/share/nginx/cosmicdevelopment.com/wp-content/plugins/elementor-pro/modules/custom-css/module.php on line 96
[24-Jul-2024 13:49:22 UTC] PHP Deprecated:  trim(): Passing null to parameter #1 ($string) of type string is deprecated in /usr/share/nginx/cosmicdevelopment.com/wp-content/plugins/elementor-pro/modules/custom-css/module.php on line 96
[24-Jul-2024 13:49:24 UTC] PHP Deprecated:  Implicit conversion from float 216.75 to int loses precision in /usr/share/nginx/cosmicdevelopment.com/wp-content/plugins/wp-gdpr-compliance/Utils/Helper.php on line 228
[24-Jul-2024 13:49:24 UTC] PHP Deprecated:  Implicit conversion from float 216.75 to int loses precision in /usr/share/nginx/cosmicdevelopment.com/wp-content/plugins/wp-gdpr-compliance/Utils/Helper.php on line 228
[24-Jul-2024 13:49:24 UTC] PHP Deprecated:  Implicit conversion from float 216.75 to int loses precision in /usr/share/nginx/cosmicdevelopment.com/wp-content/plugins/wp-gdpr-compliance/Utils/Helper.php on line 228
[24-Jul-2024 13:49:24 UTC] PHP Warning:  Undefined array key "options" in /usr/share/nginx/cosmicdevelopment.com/wp-content/plugins/trx_addons/components/api/elementor/elementor.php on line 1217
[24-Jul-2024 13:49:24 UTC] PHP Deprecated:  trim(): Passing null to parameter #1 ($string) of type string is deprecated in /usr/share/nginx/cosmicdevelopment.com/wp-content/plugins/elementor-pro/modules/custom-css/module.php on line 96
[24-Jul-2024 13:49:24 UTC] PHP Deprecated:  trim(): Passing null to parameter #1 ($string) of type string is deprecated in /usr/share/nginx/cosmicdevelopment.com/wp-content/plugins/elementor-pro/modules/custom-css/module.php on line 96
[24-Jul-2024 13:49:26 UTC] PHP Deprecated:  Implicit conversion from float 216.75 to int loses precision in /usr/share/nginx/cosmicdevelopment.com/wp-content/plugins/wp-gdpr-compliance/Utils/Helper.php on line 228
[24-Jul-2024 13:49:26 UTC] PHP Deprecated:  Implicit conversion from float 216.75 to int loses precision in /usr/share/nginx/cosmicdevelopment.com/wp-content/plugins/wp-gdpr-compliance/Utils/Helper.php on line 228
[24-Jul-2024 13:49:26 UTC] PHP Deprecated:  Implicit conversion from float 216.75 to int loses precision in /usr/share/nginx/cosmicdevelopment.com/wp-content/plugins/wp-gdpr-compliance/Utils/Helper.php on line 228
[24-Jul-2024 13:49:26 UTC] PHP Warning:  Trying to access array offset on value of type bool in /usr/share/nginx/cosmicdevelopment.com/wp-content/themes/vixus/theme-specific/theme-tags.php on line 741
[24-Jul-2024 13:49:26 UTC] PHP Warning:  Undefined array key "options" in /usr/share/nginx/cosmicdevelopment.com/wp-content/plugins/trx_addons/components/api/elementor/elementor.php on line 1217
[24-Jul-2024 13:49:26 UTC] PHP Deprecated:  trim(): Passing null to parameter #1 ($string) of type string is deprecated in /usr/share/nginx/cosmicdevelopment.com/wp-content/plugins/elementor-pro/modules/custom-css/module.php on line 96
[24-Jul-2024 13:49:26 UTC] PHP Deprecated:  trim(): Passing null to parameter #1 ($string) of type string is deprecated in /usr/share/nginx/cosmicdevelopment.com/wp-content/plugins/elementor-pro/modules/custom-css/module.php on line 96
[24-Jul-2024 13:49:27 UTC] PHP Deprecated:  Implicit conversion from float 216.75 to int loses precision in /usr/share/nginx/cosmicdevelopment.com/wp-content/plugins/wp-gdpr-compliance/Utils/Helper.php on line 228
[24-Jul-2024 13:49:27 UTC] PHP Deprecated:  Implicit conversion from float 216.75 to int loses precision in /usr/share/nginx/cosmicdevelopment.com/wp-content/plugins/wp-gdpr-compliance/Utils/Helper.php on line 228
[24-Jul-2024 13:49:27 UTC] PHP Deprecated:  Implicit conversion from float 216.75 to int loses precision in /usr/share/nginx/cosmicdevelopment.com/wp-content/plugins/wp-gdpr-compliance/Utils/Helper.php on line 228
[24-Jul-2024 13:49:27 UTC] PHP Warning:  Undefined array key "options" in /usr/share/nginx/cosmicdevelopment.com/wp-content/plugins/trx_addons/components/api/elementor/elementor.php on line 1217
[24-Jul-2024 13:49:28 UTC] PHP Deprecated:  str_contains(): Passing null to parameter #1 ($haystack) of type string is deprecated in /usr/share/nginx/cosmicdevelopment.com/wp-includes/shortcodes.php on line 246
[24-Jul-2024 13:49:28 UTC] PHP Deprecated:  str_contains(): Passing null to parameter #1 ($haystack) of type string is deprecated in /usr/share/nginx/cosmicdevelopment.com/wp-includes/shortcodes.php on line 246
[24-Jul-2024 13:49:28 UTC] PHP Deprecated:  str_contains(): Passing null to parameter #1 ($haystack) of type string is deprecated in /usr/share/nginx/cosmicdevelopment.com/wp-includes/shortcodes.php on line 246
[24-Jul-2024 13:49:28 UTC] PHP Deprecated:  str_contains(): Passing null to parameter #1 ($haystack) of type string is deprecated in /usr/share/nginx/cosmicdevelopment.com/wp-includes/shortcodes.php on line 246
